android-filepicker/filepicker/build/intermediates/manifest_merge_blame_file/debug/processDebugManifest/manifest-merger-blame-debug-report.txt
1<?xml version="1.0" encoding="utf-8"?>
2<manifest xmlns:android="http://schemas.android.com/apk/res/android"
3    package="com.github.angads25.filepicker" >
4
5    <uses-sdk android:minSdkVersion="14" />
6
7    <uses-permission
7-->src\main\AndroidManifest.xml:3:5-5:38
8        android:name="android.permission.READ_EXTERNAL_STORAGE"
8-->src\main\AndroidManifest.xml:4:9-64
9        android:maxSdkVersion="32" />
9-->src\main\AndroidManifest.xml:5:9-35
10
11</manifest>